0 verbose cli /opt/homebrew/Cellar/node/25.8.1_1/bin/node /opt/homebrew/bin/npm
1 info using npm@11.11.0
2 info using node@v25.8.1
3 silly config load:file:/opt/homebrew/lib/node_modules/npm/npmrc
4 silly config load:file:/Users/mustafa/Desktop/TEST CLOUD/.npmrc
5 silly config load:file:/Users/mustafa/.npmrc
6 silly config load:file:/opt/homebrew/etc/npmrc
7 verbose title npm create vite@latest /Users/mustafa/Desktop/TEST CLOUD react-ts
8 verbose argv "create" "vite@latest" "/Users/mustafa/Desktop/TEST CLOUD" "--template" "react-ts" "--cache" "/Users/mustafa/Desktop/TEST CLOUD/.npm-cache"
9 verbose logfile logs-max:10 dir:/Users/mustafa/Desktop/TEST CLOUD/.npm-cache/_logs/2026-04-01T01_37_23_690Z-
10 verbose logfile /Users/mustafa/Desktop/TEST CLOUD/.npm-cache/_logs/2026-04-01T01_37_23_690Z-debug-0.log
11 warn "react-ts" is being parsed as a normal command line argument.
12 warn Unknown cli config "--template". This will stop working in the next major version of npm.
13 silly logfile done cleaning log files
14 silly packumentCache heap:4496293888 maxSize:1124073472 maxEntrySize:562036736
15 http fetch GET 200 https://registry.npmjs.org/create-vite 135ms (cache miss)
16 silly packumentCache heap:4496293888 maxSize:1124073472 maxEntrySize:562036736
17 http fetch GET 200 https://registry.npmjs.org/npm 2209ms
18 silly idealTree buildDeps
19 silly fetch manifest create-vite@9.0.3
20 silly packumentCache full:https://registry.npmjs.org/create-vite cache-miss
21 http fetch GET 200 https://registry.npmjs.org/create-vite 53ms (cache miss)
22 silly packumentCache full:https://registry.npmjs.org/create-vite set size:undefined disposed:false
23 silly placeDep ROOT create-vite@9.0.3 OK for:  want: 9.0.3
24 silly reify moves {}
25 silly audit bulk request { 'create-vite': [ '9.0.3' ] }
26 http cache create-vite@https://registry.npmjs.org/create-vite/-/create-vite-9.0.3.tgz 0ms (cache hit)
27 silly tarball no local data for create-vite@https://registry.npmjs.org/create-vite/-/create-vite-9.0.3.tgz. Extracting by manifest.
28 http fetch POST 200 https://registry.npmjs.org/-/npm/v1/security/advisories/bulk 242ms
29 silly audit report {}
30 http fetch GET 200 https://registry.npmjs.org/create-vite/-/create-vite-9.0.3.tgz 312ms (cache miss)
31 verbose cwd /Users/mustafa/Desktop/TEST CLOUD
32 verbose os Darwin 25.1.0
33 verbose node v25.8.1
34 verbose npm  v11.11.0
35 notice
35 notice New [33mminor[39m version of npm available! [33m11.11.0[39m -> [34m11.12.1[39m
35 notice Changelog: [34mhttps://github.com/npm/cli/releases/tag/v11.12.1[39m
35 notice To update run: [4mnpm install -g npm@11.12.1[24m
35 notice  { force: true, Symbol(proc-log.meta): true }
36 verbose exit 0
37 info ok
