0 verbose cli /opt/homebrew/Cellar/node/25.8.1_1/bin/node /opt/homebrew/lib/node_modules/npm/bin/npm-cli.js
1 info using npm@11.11.0
2 info using node@v25.8.1
3 silly config load:file:/opt/homebrew/lib/node_modules/npm/npmrc
4 silly config load:file:/Users/mustafa/Desktop/TEST CLOUD/.npmrc
5 silly config load:file:/Users/mustafa/.npmrc
6 silly config load:file:/opt/homebrew/etc/npmrc
7 verbose title npm exec create-vite@latest --no-interactive --template react-ts /Users/mustafa/Desktop/TEST CLOUD
8 verbose argv "exec" "--cache" "/Users/mustafa/Desktop/TEST CLOUD/.npm-cache" "--" "create-vite@latest" "--no-interactive" "--template" "react-ts" "/Users/mustafa/Desktop/TEST CLOUD"
9 verbose logfile logs-max:10 dir:/Users/mustafa/Desktop/TEST CLOUD/.npm-cache/_logs/2026-04-01T01_38_23_036Z-
10 verbose logfile /Users/mustafa/Desktop/TEST CLOUD/.npm-cache/_logs/2026-04-01T01_38_23_036Z-debug-0.log
11 silly logfile done cleaning log files
12 silly packumentCache heap:4496293888 maxSize:1124073472 maxEntrySize:562036736
13 http fetch GET 200 https://registry.npmjs.org/create-vite 147ms (cache revalidated)
14 silly packumentCache heap:4496293888 maxSize:1124073472 maxEntrySize:562036736
15 silly packumentCache heap:4496293888 maxSize:1124073472 maxEntrySize:562036736
16 verbose cwd /Users/mustafa/Desktop/TEST CLOUD
17 verbose os Darwin 25.1.0
18 verbose node v25.8.1
19 verbose npm  v11.11.0
20 verbose exit 0
21 info ok
